\BOOKMARK [1][-]{section.1}{Background}{}% 1
\BOOKMARK [1][-]{section.2}{Techniques studied}{}% 2
\BOOKMARK [2][-]{subsection.2.1}{Principal components analysis}{section.2}% 3
\BOOKMARK [2][-]{subsection.2.2}{Autoencoders}{section.2}% 4
\BOOKMARK [1][-]{section.3}{Dataset}{}% 5
\BOOKMARK [2][-]{subsection.3.1}{Description}{section.3}% 6
\BOOKMARK [2][-]{subsection.3.2}{Preprocessing}{section.3}% 7
\BOOKMARK [1][-]{section.4}{Methodology}{}% 8
\BOOKMARK [1][-]{section.5}{Results}{}% 9
\BOOKMARK [1][-]{section.6}{Conclusions}{}% 10
\BOOKMARK [1][-]{section.7}{Original}{}% 11
\BOOKMARK [2][-]{subsection.7.1}{Style}{section.7}% 12
\BOOKMARK [2][-]{subsection.7.2}{Retrieval of style files}{section.7}% 13
\BOOKMARK [1][-]{section.8}{General formatting instructions}{}% 14
\BOOKMARK [1][-]{section.9}{Headings: first level}{}% 15
\BOOKMARK [2][-]{subsection.9.1}{Headings: second level}{section.9}% 16
\BOOKMARK [3][-]{subsubsection.9.1.1}{Headings: third level}{subsection.9.1}% 17
\BOOKMARK [1][-]{section.10}{Citations, figures, tables, references}{}% 18
\BOOKMARK [2][-]{subsection.10.1}{Citations within the text}{section.10}% 19
\BOOKMARK [2][-]{subsection.10.2}{Footnotes}{section.10}% 20
\BOOKMARK [2][-]{subsection.10.3}{Figures}{section.10}% 21
\BOOKMARK [2][-]{subsection.10.4}{Tables}{section.10}% 22
\BOOKMARK [1][-]{section.11}{Final instructions}{}% 23
\BOOKMARK [1][-]{section.12}{Preparing PDF files}{}% 24
\BOOKMARK [2][-]{subsection.12.1}{Margins in LaTeX}{section.12}% 25
